{"C:\\Users\\RYZEN 7\\Desktop\\PAGE\\src\\app\\Projects\\Project.ts": {"path":"C:\\Users\\RYZEN 7\\Desktop\\PAGE\\src\\app\\Projects\\Project.ts","statementMap":{"0":{"start":{"line":19,"column":8},"end":{"line":19,"column":27}},"1":{"start":{"line":20,"column":8},"end":{"line":20,"column":23}},"2":{"start":{"line":21,"column":8},"end":{"line":21,"column":25}},"3":{"start":{"line":22,"column":8},"end":{"line":22,"column":29}},"4":{"start":{"line":23,"column":8},"end":{"line":23,"column":33}},"5":{"start":{"line":24,"column":8},"end":{"line":24,"column":27}},"6":{"start":{"line":25,"column":8},"end":{"line":25,"column":41}},"7":{"start":{"line":27,"column":8},"end":{"line":27,"column":22}},"8":{"start":{"line":32,"column":21},"end":{"line":32,"column":54}},"9":{"start":{"line":33,"column":8},"end":{"line":33,"column":54}},"10":{"start":{"line":35,"column":22},"end":{"line":35,"column":50}},"11":{"start":{"line":36,"column":8},"end":{"line":36,"column":39}},"12":{"start":{"line":37,"column":8},"end":{"line":37,"column":32}},"13":{"start":{"line":39,"column":22},"end":{"line":39,"column":51}},"14":{"start":{"line":40,"column":8},"end":{"line":40,"column":29}},"15":{"start":{"line":41,"column":8},"end":{"line":41,"column":31}},"16":{"start":{"line":42,"column":8},"end":{"line":42,"column":32}},"17":{"start":{"line":44,"column":28},"end":{"line":44,"column":55}},"18":{"start":{"line":45,"column":8},"end":{"line":45,"column":44}},"19":{"start":{"line":46,"column":8},"end":{"line":46,"column":38}},"20":{"start":{"line":48,"column":23},"end":{"line":48,"column":55}},"21":{"start":{"line":49,"column":8},"end":{"line":49,"column":41}},"22":{"start":{"line":50,"column":8},"end":{"line":50,"column":34}},"23":{"start":{"line":51,"column":8},"end":{"line":51,"column":53}},"24":{"start":{"line":52,"column":8},"end":{"line":52,"column":33}},"25":{"start":{"line":54,"column":8},"end":{"line":54,"column":20}},"26":{"start":{"line":1,"column":0},"end":{"line":1,"column":21}}},"fnMap":{"0":{"name":"(anonymous_0)","decl":{"start":{"line":10,"column":4},"end":{"line":10,"column":null}},"loc":{"start":{"line":17,"column":28},"end":{"line":28,"column":5}}},"1":{"name":"(anonymous_1)","decl":{"start":{"line":30,"column":11},"end":{"line":30,"column":17}},"loc":{"start":{"line":30,"column":17},"end":{"line":55,"column":5}}}},"branchMap":{},"s":{"0":3,"1":3,"2":3,"3":3,"4":3,"5":3,"6":3,"7":3,"8":8,"9":8,"10":8,"11":8,"12":8,"13":8,"14":8,"15":8,"16":8,"17":8,"18":8,"19":8,"20":8,"21":8,"22":8,"23":8,"24":8,"25":8,"26":2},"f":{"0":3,"1":8},"b":{}}
,"C:\\Users\\RYZEN 7\\Desktop\\PAGE\\src\\app\\Projects\\ProjectPage.ts": {"path":"C:\\Users\\RYZEN 7\\Desktop\\PAGE\\src\\app\\Projects\\ProjectPage.ts","statementMap":{"0":{"start":{"line":1,"column":0},"end":{"line":1,"column":32}},"1":{"start":{"line":8,"column":8},"end":{"line":8,"column":41}},"2":{"start":{"line":9,"column":8},"end":{"line":20,"column":10}},"3":{"start":{"line":11,"column":16},"end":{"line":18,"column":null}},"4":{"start":{"line":22,"column":8},"end":{"line":22,"column":22}},"5":{"start":{"line":26,"column":8},"end":{"line":26,"column":33}},"6":{"start":{"line":30,"column":8},"end":{"line":30,"column":29}},"7":{"start":{"line":34,"column":21},"end":{"line":34,"column":68}},"8":{"start":{"line":36,"column":24},"end":{"line":36,"column":44}},"9":{"start":{"line":37,"column":8},"end":{"line":37,"column":34}},"10":{"start":{"line":39,"column":8},"end":{"line":39,"column":34}},"11":{"start":{"line":40,"column":8},"end":{"line":40,"column":34}},"12":{"start":{"line":45,"column":24},"end":{"line":45,"column":57}},"13":{"start":{"line":46,"column":8},"end":{"line":46,"column":57}},"14":{"start":{"line":47,"column":8},"end":{"line":47,"column":23}},"15":{"start":{"line":51,"column":8},"end":{"line":54,"column":11}},"16":{"start":{"line":52,"column":32},"end":{"line":52,"column":48}},"17":{"start":{"line":53,"column":12},"end":{"line":53,"column":45}},"18":{"start":{"line":3,"column":0},"end":{"line":3,"column":21}}},"fnMap":{"0":{"name":"(anonymous_1)","decl":{"start":{"line":7,"column":4},"end":{"line":7,"column":16}},"loc":{"start":{"line":7,"column":49},"end":{"line":23,"column":5}}},"1":{"name":"(anonymous_2)","decl":{"start":{"line":10,"column":12},"end":{"line":10,"column":13}},"loc":{"start":{"line":11,"column":16},"end":{"line":18,"column":null}}},"2":{"name":"(anonymous_3)","decl":{"start":{"line":25,"column":11},"end":{"line":25,"column":26}},"loc":{"start":{"line":25,"column":26},"end":{"line":27,"column":5}}},"3":{"name":"(anonymous_4)","decl":{"start":{"line":29,"column":11},"end":{"line":29,"column":22}},"loc":{"start":{"line":29,"column":22},"end":{"line":31,"column":5}}},"4":{"name":"(anonymous_5)","decl":{"start":{"line":33,"column":11},"end":{"line":33,"column":17}},"loc":{"start":{"line":33,"column":17},"end":{"line":41,"column":5}}},"5":{"name":"(anonymous_6)","decl":{"start":{"line":44,"column":12},"end":{"line":44,"column":25}},"loc":{"start":{"line":44,"column":25},"end":{"line":48,"column":5}}},"6":{"name":"(anonymous_7)","decl":{"start":{"line":50,"column":12},"end":{"line":50,"column":23}},"loc":{"start":{"line":50,"column":44},"end":{"line":55,"column":5}}},"7":{"name":"(anonymous_8)","decl":{"start":{"line":51,"column":30},"end":{"line":51,"column":31}},"loc":{"start":{"line":51,"column":42},"end":{"line":54,"column":9}}}},"branchMap":{},"s":{"0":1,"1":1,"2":1,"3":2,"4":1,"5":0,"6":0,"7":2,"8":2,"9":2,"10":2,"11":2,"12":2,"13":2,"14":2,"15":2,"16":4,"17":4,"18":1},"f":{"0":1,"1":2,"2":0,"3":0,"4":2,"5":2,"6":2,"7":4},"b":{}}
}
