TN:
SF:src\app\Projects\Project.ts
FN:10,(anonymous_0)
FN:30,(anonymous_1)
FNF:2
FNH:2
FNDA:3,(anonymous_0)
FNDA:8,(anonymous_1)
DA:1,2
DA:19,3
DA:20,3
DA:21,3
DA:22,3
DA:23,3
DA:24,3
DA:25,3
DA:27,3
DA:32,8
DA:33,8
DA:35,8
DA:36,8
DA:37,8
DA:39,8
DA:40,8
DA:41,8
DA:42,8
DA:44,8
DA:45,8
DA:46,8
DA:48,8
DA:49,8
DA:50,8
DA:51,8
DA:52,8
DA:54,8
LF:27
LH:27
BRF:0
BRH:0
end_of_record
TN:
SF:src\app\Projects\ProjectPage.ts
FN:7,(anonymous_1)
FN:10,(anonymous_2)
FN:25,(anonymous_3)
FN:29,(anonymous_4)
FN:33,(anonymous_5)
FN:44,(anonymous_6)
FN:50,(anonymous_7)
FN:51,(anonymous_8)
FNF:8
FNH:6
FNDA:1,(anonymous_1)
FNDA:2,(anonymous_2)
FNDA:0,(anonymous_3)
FNDA:0,(anonymous_4)
FNDA:2,(anonymous_5)
FNDA:2,(anonymous_6)
FNDA:2,(anonymous_7)
FNDA:4,(anonymous_8)
DA:1,1
DA:3,1
DA:8,1
DA:9,1
DA:11,2
DA:22,1
DA:26,0
DA:30,0
DA:34,2
DA:36,2
DA:37,2
DA:39,2
DA:40,2
DA:45,2
DA:46,2
DA:47,2
DA:51,2
DA:52,4
DA:53,4
LF:19
LH:17
BRF:0
BRH:0
end_of_record
